<?xml version="1.0" encoding="UTF-8"?>
<!-- Generated by org.testng.reporters.JUnitReportReporter -->
<testsuite hostname="nitesh" name="com.highLevel.LoginWR" tests="1" failures="0" timestamp="16 Feb 2016 12:20:12 GMT" time="16.280" errors="0">
  <testcase name="testloginIntoRummy" time="16.280" classname="com.highLevel.LoginWR"/>
</testsuite> <!-- com.highLevel.LoginWR -->
